<?xml version="1.0" encoding="UTF-8"?>
<testng-results skipped="0" failed="0" total="1" passed="1">
  <reporter-output>
    <line>
      <![CDATA[helllllooooooooo]]>
    </line>
  </reporter-output>
  <suite name="Suite" duration-ms="14788" started-at="2019-12-30T11:43:43Z" finished-at="2019-12-30T11:43:58Z">
    <groups>
    </groups>
    <test name="Test" duration-ms="14788" started-at="2019-12-30T11:43:43Z" finished-at="2019-12-30T11:43:58Z">
      <class name="qsp.Demo">
        <test-method status="PASS" signature="test1()[pri:0, instance:qsp.Demo@449b2d27]" name="test1" duration-ms="14775" started-at="2019-12-30T17:13:43Z" finished-at="2019-12-30T17:13:58Z">
          <reporter-output>
            <line>
              <![CDATA[helllllooooooooo]]>
            </line>
          </reporter-output>
        </test-method> <!-- test1 -->
      </class> <!-- qsp.Demo -->
    </test> <!-- Test -->
  </suite> <!-- Suite -->
</testng-results>
